[debug] [2023-01-20T09:19:31.093Z] ----------------------------------------------------------------------
[debug] [2023-01-20T09:19:31.095Z] Command:       C:\Program Files\nodejs\node.exe C:\Users\kumro\AppData\Roaming\npm\node_modules\firebase-tools\lib\bin\firebase.js init
[debug] [2023-01-20T09:19:31.096Z] CLI Version:   11.21.0
[debug] [2023-01-20T09:19:31.096Z] Platform:      win32
[debug] [2023-01-20T09:19:31.096Z] Node Version:  v16.16.0
[debug] [2023-01-20T09:19:31.097Z] Time:          Fri Jan 20 2023 14:49:31 GMT+0530 (India Standard Time)
[debug] [2023-01-20T09:19:31.097Z] ----------------------------------------------------------------------
[debug] 
[debug] [2023-01-20T09:19:31.104Z] > command requires scopes: ["email","openid","https://www.googleapis.com/auth/cloudplatformprojects.readonly","https://www.googleapis.com/auth/firebase","https://www.googleapis.com/auth/cloud-platform"]
[debug] [2023-01-20T09:19:31.104Z] > authorizing via signed-in user (kumroshan120@gmail.com)
[info] 
     ######## #### ########  ######## ########     ###     ######  ########
     ##        ##  ##     ## ##       ##     ##  ##   ##  ##       ##
     ######    ##  ########  ######   ########  #########  ######  ######
     ##        ##  ##    ##  ##       ##     ## ##     ##       ## ##
     ##       #### ##     ## ######## ########  ##     ##  ######  ########

You're about to initialize a Firebase project in this directory:

  D:\New folder\Prj\csb

[info] 
=== Project Setup
[info] 
[info] First, let's associate this project directory with a Firebase project.
[info] You can create multiple project aliases by running firebase use --add, 
[info] but for now we'll just set up a default project.
[info] 
[debug] [2023-01-20T09:20:23.234Z] >>> [apiv2][query] GET https://firebase.googleapis.com/v1beta1/projects pageSize=100
[debug] [2023-01-20T09:20:24.326Z] <<< [apiv2][status] GET https://firebase.googleapis.com/v1beta1/projects 200
[debug] [2023-01-20T09:20:24.326Z] <<< [apiv2][body] GET https://firebase.googleapis.com/v1beta1/projects [omitted]
[debug] [2023-01-20T09:20:43.745Z] ----------------------------------------------------------------------
[debug] [2023-01-20T09:20:43.747Z] Command:       C:\Program Files\nodejs\node.exe C:\Users\kumro\AppData\Roaming\npm\node_modules\firebase-tools\lib\bin\firebase.js init
[debug] [2023-01-20T09:20:43.747Z] CLI Version:   11.21.0
[debug] [2023-01-20T09:20:43.747Z] Platform:      win32
[debug] [2023-01-20T09:20:43.747Z] Node Version:  v16.16.0
[debug] [2023-01-20T09:20:43.748Z] Time:          Fri Jan 20 2023 14:50:43 GMT+0530 (India Standard Time)
[debug] [2023-01-20T09:20:43.748Z] ----------------------------------------------------------------------
[debug] 
[debug] [2023-01-20T09:20:43.756Z] > command requires scopes: ["email","openid","https://www.googleapis.com/auth/cloudplatformprojects.readonly","https://www.googleapis.com/auth/firebase","https://www.googleapis.com/auth/cloud-platform"]
[debug] [2023-01-20T09:20:43.756Z] > authorizing via signed-in user (kumroshan120@gmail.com)
[info] 
     ######## #### ########  ######## ########     ###     ######  ########
     ##        ##  ##     ## ##       ##     ##  ##   ##  ##       ##
     ######    ##  ########  ######   ########  #########  ######  ######
     ##        ##  ##    ##  ##       ##     ## ##     ##       ## ##
     ##       #### ##     ## ######## ########  ##     ##  ######  ########

You're about to initialize a Firebase project in this directory:

  D:\New folder\Prj\csb

[info] 
=== Project Setup
[info] 
[info] First, let's associate this project directory with a Firebase project.
[info] You can create multiple project aliases by running firebase use --add, 
[info] but for now we'll just set up a default project.
[info] 
[info] i  If you want to create a project in a Google Cloud organization or folder, please use "firebase projects:create" instead, and return to this command when you've created the project. 
[debug] [2023-01-20T09:21:17.213Z] >>> [apiv2][query] POST https://cloudresourcemanager.googleapis.com/v1/projects [none]
[debug] [2023-01-20T09:21:17.214Z] >>> [apiv2][body] POST https://cloudresourcemanager.googleapis.com/v1/projects {"projectId":"CSB_Rajendranagar","name":"CSB_Rajendranagar"}
[debug] [2023-01-20T09:21:18.918Z] <<< [apiv2][status] POST https://cloudresourcemanager.googleapis.com/v1/projects 400
[debug] [2023-01-20T09:21:18.918Z] <<< [apiv2][body] POST https://cloudresourcemanager.googleapis.com/v1/projects {"error":{"code":400,"message":"Request contains an invalid argument.","status":"INVALID_ARGUMENT","details":[{"@type":"type.googleapis.com/google.rpc.BadRequest","fieldViolations":[{"field":"project_id","description":"project_id contains invalid characters"},{"field":"display_name","description":"project display name contains invalid characters"}]},{"@type":"type.googleapis.com/google.rpc.Help","links":[{"url":"https://cloud.google.com/resource-manager/reference/rest/v1/projects"}]}]}}
[debug] [2023-01-20T09:21:19.425Z] FirebaseError: HTTP Error: 400, Request contains an invalid argument.
    at responseToError (C:\Users\kumro\AppData\Roaming\npm\node_modules\firebase-tools\lib\responseToError.js:49:12)
    at RetryOperation._fn (C:\Users\kumro\AppData\Roaming\npm\node_modules\firebase-tools\lib\apiv2.js:288:77)
    at processTicksAndRejections (node:internal/process/task_queues:96:5)
[error] 
[error] Error: Failed to create project. See firebase-debug.log for more info.
[debug] [2023-01-20T09:21:26.573Z] ----------------------------------------------------------------------
[debug] [2023-01-20T09:21:26.574Z] Command:       C:\Program Files\nodejs\node.exe C:\Users\kumro\AppData\Roaming\npm\node_modules\firebase-tools\lib\bin\firebase.js init
[debug] [2023-01-20T09:21:26.575Z] CLI Version:   11.21.0
[debug] [2023-01-20T09:21:26.575Z] Platform:      win32
[debug] [2023-01-20T09:21:26.575Z] Node Version:  v16.16.0
[debug] [2023-01-20T09:21:26.576Z] Time:          Fri Jan 20 2023 14:51:26 GMT+0530 (India Standard Time)
[debug] [2023-01-20T09:21:26.576Z] ----------------------------------------------------------------------
[debug] 
[debug] [2023-01-20T09:21:26.582Z] > command requires scopes: ["email","openid","https://www.googleapis.com/auth/cloudplatformprojects.readonly","https://www.googleapis.com/auth/firebase","https://www.googleapis.com/auth/cloud-platform"]
[debug] [2023-01-20T09:21:26.583Z] > authorizing via signed-in user (kumroshan120@gmail.com)
[info] 
     ######## #### ########  ######## ########     ###     ######  ########
     ##        ##  ##     ## ##       ##     ##  ##   ##  ##       ##
     ######    ##  ########  ######   ########  #########  ######  ######
     ##        ##  ##    ##  ##       ##     ## ##     ##       ## ##
     ##       #### ##     ## ######## ########  ##     ##  ######  ########

You're about to initialize a Firebase project in this directory:

  D:\New folder\Prj\csb

